<?xml version="1.0" encoding="UTF-8"?>
<testsuite name="CalculatorTest" tests="1" skipped="0" failures="0" errors="0" timestamp="2017-05-04T22:31:39" hostname="c02q2ml4g8wp.local" time="0.064">
  <properties/>
  <testcase name="testSum" classname="CalculatorTest" time="0.064"/>
  <system-out><![CDATA[]]></system-out>
  <system-err><![CDATA[]]></system-err>
</testsuite>
